[INFO  09-Feb-24 12:02:52 AM] ...m-data/lazy/mason.nvim/lua/mason-core/installer/init.lua:184: Executing installer for Package(name=typos-lsp) {}
[INFO  09-Feb-24 12:02:56 AM] ...m-data/lazy/mason.nvim/lua/mason-core/installer/init.lua:245: Installation succeeded for Package(name=typos-lsp)
[INFO  09-Feb-24 12:03:08 AM] ...m-data/lazy/mason.nvim/lua/mason-core/installer/init.lua:184: Executing installer for Package(name=typos-lsp) {}
[ERROR 09-Feb-24 12:03:11 AM] ...m-data/lazy/mason.nvim/lua/mason-core/installer/init.lua:249: Installation failed for Package(name=typos-lsp) error='...ta/Local/nvim-data/lazy/mason.nvim/lua/mason-core/fs.lua:53: rmrf: Could not remove directory "C:\\\\Users\\\\Dozzer\\\\AppData\\\\Local\\\\nvim-data\\\\mason\\\\packages\\\\typos-lsp".'
[ERROR 09-Feb-24 12:07:10 AM] ...on-lspconfig.nvim/lua/mason-lspconfig/lspconfig_hook.lua:84: Failed to expand cmd path typos_lsp { "typos-lsp" }
[ERROR 09-Feb-24 3:17:47 PM] ...on-lspconfig.nvim/lua/mason-lspconfig/lspconfig_hook.lua:84: Failed to expand cmd path typos_lsp { "typos-lsp" }
[ERROR 09-Feb-24 3:18:04 PM] ...on-lspconfig.nvim/lua/mason-lspconfig/lspconfig_hook.lua:84: Failed to expand cmd path typos_lsp { "typos-lsp" }
[ERROR 09-Feb-24 3:18:32 PM] ...on-lspconfig.nvim/lua/mason-lspconfig/lspconfig_hook.lua:84: Failed to expand cmd path typos_lsp { "typos-lsp" }
[ERROR 09-Feb-24 3:21:14 PM] ...on-lspconfig.nvim/lua/mason-lspconfig/lspconfig_hook.lua:84: Failed to expand cmd path typos_lsp { "typos-lsp" }
[ERROR 09-Feb-24 3:33:05 PM] ...on-lspconfig.nvim/lua/mason-lspconfig/lspconfig_hook.lua:84: Failed to expand cmd path typos_lsp { "typos-lsp" }
[ERROR 09-Feb-24 3:33:32 PM] ...on-lspconfig.nvim/lua/mason-lspconfig/lspconfig_hook.lua:84: Failed to expand cmd path typos_lsp { "typos-lsp" }
[INFO  09-Feb-24 3:36:55 PM] ...m-data/lazy/mason.nvim/lua/mason-core/installer/init.lua:184: Executing installer for Package(name=typos-lsp) {}
[INFO  09-Feb-24 3:37:00 PM] ...m-data/lazy/mason.nvim/lua/mason-core/installer/init.lua:245: Installation succeeded for Package(name=typos-lsp)
[INFO  09-Feb-24 3:44:57 PM] ...m-data/lazy/mason.nvim/lua/mason-core/installer/init.lua:184: Executing installer for Package(name=codelldb) {}
[INFO  09-Feb-24 3:44:57 PM] ...m-data/lazy/mason.nvim/lua/mason-core/installer/init.lua:184: Executing installer for Package(name=taplo) {}
[INFO  09-Feb-24 3:44:57 PM] ...m-data/lazy/mason.nvim/lua/mason-core/installer/init.lua:184: Executing installer for Package(name=rust-analyzer) {}
[INFO  09-Feb-24 3:45:02 PM] ...m-data/lazy/mason.nvim/lua/mason-core/installer/init.lua:245: Installation succeeded for Package(name=taplo)
[INFO  09-Feb-24 3:45:06 PM] ...m-data/lazy/mason.nvim/lua/mason-core/installer/init.lua:245: Installation succeeded for Package(name=rust-analyzer)
[INFO  09-Feb-24 3:45:15 PM] ...m-data/lazy/mason.nvim/lua/mason-core/installer/init.lua:245: Installation succeeded for Package(name=codelldb)
[INFO  10-Feb-24 2:48:47 PM] ...m-data/lazy/mason.nvim/lua/mason-core/installer/init.lua:184: Executing installer for Package(name=powershell-editor-services) {}
[INFO  10-Feb-24 2:48:55 PM] ...m-data/lazy/mason.nvim/lua/mason-core/installer/init.lua:245: Installation succeeded for Package(name=powershell-editor-services)
[INFO  10-Feb-24 7:45:24 PM] ...m-data/lazy/mason.nvim/lua/mason-core/installer/init.lua:184: Executing installer for Package(name=prettier) {}
[INFO  10-Feb-24 7:45:39 PM] ...m-data/lazy/mason.nvim/lua/mason-core/installer/init.lua:245: Installation succeeded for Package(name=prettier)
[INFO  10-Feb-24 7:45:44 PM] ...m-data/lazy/mason.nvim/lua/mason-core/installer/init.lua:184: Executing installer for Package(name=clang-format) {}
[INFO  10-Feb-24 7:46:02 PM] ...m-data/lazy/mason.nvim/lua/mason-core/installer/init.lua:245: Installation succeeded for Package(name=clang-format)
[INFO  10-Feb-24 8:51:39 PM] ...m-data/lazy/mason.nvim/lua/mason-core/installer/init.lua:184: Executing installer for Package(name=cpplint) {}
[INFO  10-Feb-24 8:51:54 PM] ...m-data/lazy/mason.nvim/lua/mason-core/installer/init.lua:245: Installation succeeded for Package(name=cpplint)
[INFO  10-Feb-24 8:51:56 PM] ...m-data/lazy/mason.nvim/lua/mason-core/installer/init.lua:184: Executing installer for Package(name=grammarly-languageserver) {}
[INFO  10-Feb-24 8:52:12 PM] ...m-data/lazy/mason.nvim/lua/mason-core/installer/init.lua:245: Installation succeeded for Package(name=grammarly-languageserver)
[INFO  11-Feb-24 9:30:03 PM] ...m-data/lazy/mason.nvim/lua/mason-core/installer/init.lua:184: Executing installer for Package(name=ltex-ls) {}
[INFO  11-Feb-24 9:30:19 PM] ...m-data/lazy/mason.nvim/lua/mason-core/installer/init.lua:184: Executing installer for Package(name=marksman) {}
[INFO  11-Feb-24 9:30:24 PM] ...m-data/lazy/mason.nvim/lua/mason-core/installer/init.lua:245: Installation succeeded for Package(name=marksman)
[INFO  11-Feb-24 9:30:32 PM] ...m-data/lazy/mason.nvim/lua/mason-core/installer/init.lua:245: Installation succeeded for Package(name=ltex-ls)
[INFO  11-Feb-24 9:34:42 PM] ...m-data/lazy/mason.nvim/lua/mason-core/installer/init.lua:184: Executing installer for Package(name=write-good) {}
[INFO  11-Feb-24 9:35:01 PM] ...m-data/lazy/mason.nvim/lua/mason-core/installer/init.lua:245: Installation succeeded for Package(name=write-good)
